<?xml version="1.0" encoding="UTF-8"?>
<!-- Generated by org.testng.reporters.JUnitXMLReporter -->
<testsuite ignored="0" hostname="LAPTOP-K0RH6OE0" failures="1" tests="4" name="It" time="0.103" errors="0" timestamp="2022-10-11T19:53:09 CDT">
  <testcase classname="common.Utilities" name="@AfterClass afterClass" time="0.012">
    <failure type="java.lang.NullPointerException">
      <![CDATA[java.lang.NullPointerException
at common.Utilities.Screenshots(Utilities.java:55)
at common.Utilities.afterClass(Utilities.java:46)
at java.base/java.util.ArrayList.forEach(ArrayList.java:1541)
... Removed 25 stack frames]]>
    </failure>
  </testcase> <!-- @AfterClass afterClass -->
  <testcase classname="Testng.KindleBooks" name="f" time="0.032">
    <failure type="java.lang.NullPointerException">
      <![CDATA[java.lang.NullPointerException
at org.openqa.selenium.support.pagefactory.DefaultElementLocator.findElement(DefaultElementLocator.java:70)
at org.openqa.selenium.support.pagefactory.internal.LocatingElementHandler.invoke(LocatingElementHandler.java:39)
at com.sun.proxy.$Proxy18.click(Unknown Source)
at Amazon_Pages.Home.KindleBooksClick(Home.java:25)
at Testng.KindleBooks.f(KindleBooks.java:31)
at java.base/java.util.ArrayList.forEach(ArrayList.java:1541)
... Removed 27 stack frames]]>
    </failure>
  </testcase> <!-- f -->
  <testcase classname="Testng.KindleBooks" name="SearchFieldVerification" time="0.0">
    <skipped/>
  </testcase> <!-- SearchFieldVerification -->
  <testcase classname="Testng.NewTestSession" name="Test6" time="0.001"/>
  <testcase classname="Testng.NewTestSession" name="f" time="0.002"/>
</testsuite> <!-- It -->
